2025-01-27 08:56:51,786 - Bot started.
2025-01-27 09:06:22,283 - Price: 649.95, Prediction: UP
2025-01-27 09:11:22,529 - Price: 650.76, Prediction: UP
2025-01-27 09:16:22,775 - Price: 651.76, Prediction: UP
2025-01-27 09:21:23,020 - Price: 650.37, Prediction: UP
2025-01-27 09:26:23,270 - Price: 648.41, Prediction: UP
2025-01-27 09:28:12,133 - Bot stopped by user.
2025-01-27 10:13:19,116 - Bot started.
2025-01-27 10:22:50,096 - Price: 651.055, Volume: 418155.346, Bid: 651.05, Ask: 651.06, Prediction: UP
2025-01-27 10:27:50,586 - Price: 650.475, Volume: 418726.753, Bid: 650.47, Ask: 650.48, Prediction: UP
2025-01-27 10:28:36,318 - Bot started.
2025-01-27 10:29:06,333 - Bot started.
2025-01-27 10:32:51,510 - Price: 649.355, Volume: 419202.709, Bid: 649.35, Ask: 649.36, Prediction: UP
2025-01-27 10:37:51,999 - Price: 648.155, Volume: 421142.828, Bid: 648.15, Ask: 648.16, Prediction: UP
2025-01-27 10:38:06,812 - Price: 647.93, Prediction: UP
2025-01-27 10:38:37,317 - Price: 647.965, Volume: 421351.829, Bid: 647.96, Ask: 647.97, Prediction: UP
2025-01-27 10:42:52,503 - Price: 647.125, Volume: 421491.817, Bid: 647.12, Ask: 647.13, Prediction: UP
2025-01-27 10:43:07,057 - Price: 646.61, Prediction: UP
2025-01-27 10:43:37,806 - Price: 646.375, Volume: 421655.047, Bid: 646.37, Ask: 646.38, Prediction: UP
2025-01-27 10:47:52,994 - Price: 647.005, Volume: 422844.229, Bid: 647.0, Ask: 647.01, Prediction: UP
2025-01-27 10:48:07,307 - Price: 647.11, Prediction: UP
2025-01-27 10:48:38,299 - Price: 647.765, Volume: 422887.765, Bid: 647.76, Ask: 647.77, Prediction: UP
2025-01-27 10:52:53,482 - Price: 644.715, Volume: 424267.239, Bid: 644.71, Ask: 644.72, Prediction: UP
2025-01-27 10:53:07,558 - Price: 645.0, Prediction: UP
2025-01-27 10:53:38,809 - Price: 645.415, Volume: 424463.438, Bid: 645.41, Ask: 645.42, Prediction: UP
2025-01-27 10:54:08,403 - Bot stopped by user.
2025-01-27 10:54:27,260 - Bot stopped by user.
2025-01-27 10:54:36,382 - Bot stopped by user.
2025-01-27 11:04:29,923 - Bot started.
2025-01-27 11:04:32,052 - Bot started.
2025-01-27 11:14:00,415 - Price: 649.39, Prediction: UP
2025-01-27 11:14:03,407 - Price: 649.245, Volume: 428125.362, Bid: 649.24, Ask: 649.25, Prediction: UP
2025-01-27 11:19:00,659 - Price: 652.39, Prediction: UP
2025-01-27 11:19:03,906 - Price: 652.675, Volume: 430754.177, Bid: 652.67, Ask: 652.68, Prediction: UP
2025-01-27 11:24:00,904 - Price: 653.0, Prediction: UP
2025-01-27 11:24:04,400 - Price: 652.895, Volume: 432594.568, Bid: 652.89, Ask: 652.9, Prediction: UP
2025-01-27 11:29:01,160 - Price: 653.11, Prediction: UP
2025-01-27 11:29:04,884 - Price: 653.105, Volume: 433373.04, Bid: 653.1, Ask: 653.11, Prediction: UP
2025-01-27 11:34:01,408 - Price: 654.03, Prediction: UP
2025-01-27 11:34:05,368 - Price: 653.975, Volume: 435077.797, Bid: 653.97, Ask: 653.98, Prediction: UP
2025-01-27 11:39:01,654 - Price: 653.13, Prediction: UP
2025-01-27 11:39:05,867 - Price: 653.185, Volume: 436279.324, Bid: 653.18, Ask: 653.19, Prediction: UP
2025-01-27 11:44:01,899 - Price: 652.24, Prediction: UP
2025-01-27 11:44:06,357 - Price: 652.245, Volume: 437024.206, Bid: 652.24, Ask: 652.25, Prediction: UP
2025-01-27 11:49:02,143 - Price: 652.51, Prediction: UP
2025-01-27 11:49:06,843 - Price: 652.655, Volume: 437637.071, Bid: 652.65, Ask: 652.66, Prediction: UP
2025-01-27 11:54:02,389 - Price: 652.51, Prediction: UP
2025-01-27 11:54:07,334 - Price: 652.325, Volume: 437788.737, Bid: 652.32, Ask: 652.33, Prediction: UP
2025-01-27 11:59:02,632 - Price: 651.42, Prediction: UP
2025-01-27 11:59:07,867 - Price: 651.705, Volume: 438309.713, Bid: 651.7, Ask: 651.71, Prediction: UP
2025-01-27 12:01:35,230 - Bot stopped by user.
2025-01-27 12:01:42,975 - Bot stopped by user.
2025-01-27 14:23:28,274 - Bot started.
2025-01-27 14:23:30,267 - Bot started.
2025-01-27 14:25:00,278 - An error occurred: Invalid time format for a minutely job (valid format is :SS)
2025-01-27 14:30:00,278 - An error occurred: Invalid time format for a minutely job (valid format is :SS)
2025-01-27 14:32:59,191 - Price: 662.85, Prediction: UP
2025-01-27 14:33:01,260 - Price: 662.575, Volume: 466749.079, Bid: 662.57, Ask: 662.58, Prediction: UP
2025-01-27 14:37:59,439 - Price: 661.69, Prediction: UP
2025-01-27 14:38:01,748 - Price: 661.995, Volume: 470156.504, Bid: 661.99, Ask: 662.0, Prediction: UP
2025-01-27 14:42:59,702 - Price: 662.59, Prediction: UP
2025-01-27 14:43:02,237 - Price: 662.875, Volume: 471467.538, Bid: 662.87, Ask: 662.88, Prediction: UP
2025-01-27 14:47:59,950 - Price: 665.45, Prediction: UP
2025-01-27 14:48:02,730 - Price: 665.455, Volume: 474268.773, Bid: 665.45, Ask: 665.46, Prediction: UP
2025-01-27 14:53:00,197 - Price: 666.06, Prediction: UP
2025-01-27 14:53:03,218 - Price: 666.275, Volume: 476504.805, Bid: 666.27, Ask: 666.28, Prediction: UP
2025-01-27 14:55:00,805 - An error occurred: Invalid time format for a minutely job (valid format is :SS)
2025-01-27 14:58:00,446 - Price: 667.13, Prediction: UP
2025-01-27 14:58:03,710 - Price: 667.255, Volume: 478794.038, Bid: 667.25, Ask: 667.26, Prediction: UP
